<?xml version="1.0" encoding="UTF-8"?>
<!-- Generated by org.testng.reporters.JUnitReportReporter -->
<testsuite hostname="billxin-THINK" name="SecondEBayTest" tests="1" failures="0" timestamp="30 Jan 2018 05:56:13 GMT" time="14.725" errors="0">
  <testcase name="nintendoSwitchTest" time="14.725" classname="SecondEBayTest"/>
</testsuite> <!-- SecondEBayTest -->
